<?xml version="1.0" encoding="UTF-8"?>
<testng-results skipped="0" failed="0" ignored="0" total="1" passed="1">
  <reporter-output>
  </reporter-output>
  <suite name="BB_Automation_Suite" duration-ms="41268" started-at="2018-12-30T01:40:32Z" finished-at="2018-12-30T01:41:13Z">
    <groups>
      <group name="cucumber">
        <method signature="TestRunner.feature(cucumber.api.testng.CucumberFeatureWrapper)[pri:0, instance:Runners.TestRunner@5123a213]" name="feature" class="Runners.TestRunner"/>
      </group> <!-- cucumber -->
    </groups>
    <test name="Test Launch - Chrome" duration-ms="41268" started-at="2018-12-30T01:40:32Z" finished-at="2018-12-30T01:41:13Z">
      <class name="Runners.TestRunner">
        <test-method status="PASS" signature="beforeTest(java.lang.String)[pri:0, instance:Runners.TestRunner@5123a213]" name="beforeTest" is-config="true" duration-ms="959" started-at="2018-12-30T01:40:32Z" finished-at="2018-12-30T01:40:33Z">
          <params>
            <param index="0">
              <value>
                <![CDATA[chrome]]>
              </value>
            </param>
          </params>
          <reporter-output>
          </reporter-output>
        </test-method> <!-- beforeTest -->
        <test-method status="PASS" signature="setUpClass(java.lang.String)[pri:0, instance:Runners.TestRunner@5123a213]" name="setUpClass" is-config="true" duration-ms="4703" started-at="2018-12-30T01:40:33Z" finished-at="2018-12-30T01:40:38Z">
          <params>
            <param index="0">
              <value>
                <![CDATA[chrome]]>
              </value>
            </param>
          </params>
          <reporter-output>
          </reporter-output>
        </test-method> <!-- setUpClass -->
        <test-method status="PASS" signature="feature(cucumber.api.testng.CucumberFeatureWrapper)[pri:0, instance:Runners.TestRunner@5123a213]" name="feature" duration-ms="31947" started-at="2018-12-30T01:40:38Z" description="Runs Cucumber Feature" data-provider="features" finished-at="2018-12-30T01:41:10Z">
          <params>
            <param index="0">
              <value>
                <![CDATA[Validation of Credit Card]]>
              </value>
            </param>
          </params>
          <reporter-output>
          </reporter-output>
        </test-method> <!-- feature -->
        <test-method status="PASS" signature="afterTest()[pri:0, instance:Runners.TestRunner@5123a213]" name="afterTest" is-config="true" duration-ms="3445" started-at="2018-12-30T01:41:10Z" finished-at="2018-12-30T01:41:13Z">
          <reporter-output>
          </reporter-output>
        </test-method> <!-- afterTest -->
        <test-method status="PASS" signature="aftersuite()[pri:0, instance:Runners.TestRunner@5123a213]" name="aftersuite" is-config="true" duration-ms="1" started-at="2018-12-30T01:41:13Z" finished-at="2018-12-30T01:41:13Z">
          <reporter-output>
          </reporter-output>
        </test-method> <!-- aftersuite -->
      </class> <!-- Runners.TestRunner -->
    </test> <!-- Test Launch - Chrome -->
  </suite> <!-- BB_Automation_Suite -->
</testng-results>
