<?xml version="1.0" encoding="UTF-8"?>
<testng-results skipped="0" failed="0" ignored="0" total="2" passed="2">
  <reporter-output>
  </reporter-output>
  <suite name="Default suite" duration-ms="40" started-at="2018-05-27T05:25:15Z" finished-at="2018-05-27T05:25:15Z">
    <groups>
    </groups>
    <test name="Default test" duration-ms="40" started-at="2018-05-27T05:25:15Z" finished-at="2018-05-27T05:25:15Z">
      <class name="selenium_concepts.TestngAnnotations">
        <test-method status="PASS" signature="beforeSuite()[pri:0, instance:selenium_concepts.TestngAnnotations@39aeed2f]" name="beforeSuite" is-config="true" duration-ms="8" started-at="2018-05-27T05:25:15Z" finished-at="2018-05-27T05:25:15Z">
          <reporter-output>
          </reporter-output>
        </test-method> <!-- beforeSuite -->
        <test-method status="PASS" signature="beforeTest()[pri:0, instance:selenium_concepts.TestngAnnotations@39aeed2f]" name="beforeTest" is-config="true" duration-ms="4" started-at="2018-05-27T05:25:15Z" finished-at="2018-05-27T05:25:15Z">
          <reporter-output>
          </reporter-output>
        </test-method> <!-- beforeTest -->
        <test-method status="PASS" signature="beforeClass()[pri:0, instance:selenium_concepts.TestngAnnotations@39aeed2f]" name="beforeClass" is-config="true" duration-ms="0" started-at="2018-05-27T05:25:15Z" finished-at="2018-05-27T05:25:15Z">
          <reporter-output>
          </reporter-output>
        </test-method> <!-- beforeClass -->
        <test-method status="PASS" signature="test1()[pri:0, instance:selenium_concepts.TestngAnnotations@39aeed2f]" name="test1" duration-ms="4" started-at="2018-05-27T05:25:15Z" finished-at="2018-05-27T05:25:15Z">
          <reporter-output>
          </reporter-output>
        </test-method> <!-- test1 -->
        <test-method status="PASS" signature="beforeMethod()[pri:0, instance:selenium_concepts.TestngAnnotations@39aeed2f]" name="beforeMethod" is-config="true" duration-ms="0" started-at="2018-05-27T05:25:15Z" finished-at="2018-05-27T05:25:15Z">
          <reporter-output>
          </reporter-output>
        </test-method> <!-- beforeMethod -->
        <test-method status="PASS" signature="beforeMethod()[pri:0, instance:selenium_concepts.TestngAnnotations@39aeed2f]" name="beforeMethod" is-config="true" duration-ms="0" started-at="2018-05-27T05:25:15Z" finished-at="2018-05-27T05:25:15Z">
          <reporter-output>
          </reporter-output>
        </test-method> <!-- beforeMethod -->
        <test-method status="PASS" signature="afterMethod()[pri:0, instance:selenium_concepts.TestngAnnotations@39aeed2f]" name="afterMethod" is-config="true" duration-ms="0" started-at="2018-05-27T05:25:15Z" finished-at="2018-05-27T05:25:15Z">
          <reporter-output>
          </reporter-output>
        </test-method> <!-- afterMethod -->
        <test-method status="PASS" signature="test2()[pri:0, instance:selenium_concepts.TestngAnnotations@39aeed2f]" name="test2" duration-ms="0" started-at="2018-05-27T05:25:15Z" finished-at="2018-05-27T05:25:15Z">
          <reporter-output>
          </reporter-output>
        </test-method> <!-- test2 -->
        <test-method status="PASS" signature="afterClass()[pri:0, instance:selenium_concepts.TestngAnnotations@39aeed2f]" name="afterClass" is-config="true" duration-ms="0" started-at="2018-05-27T05:25:15Z" finished-at="2018-05-27T05:25:15Z">
          <reporter-output>
          </reporter-output>
        </test-method> <!-- afterClass -->
        <test-method status="PASS" signature="afterMethod()[pri:0, instance:selenium_concepts.TestngAnnotations@39aeed2f]" name="afterMethod" is-config="true" duration-ms="0" started-at="2018-05-27T05:25:15Z" finished-at="2018-05-27T05:25:15Z">
          <reporter-output>
          </reporter-output>
        </test-method> <!-- afterMethod -->
        <test-method status="PASS" signature="afterTest()[pri:0, instance:selenium_concepts.TestngAnnotations@39aeed2f]" name="afterTest" is-config="true" duration-ms="0" started-at="2018-05-27T05:25:15Z" finished-at="2018-05-27T05:25:15Z">
          <reporter-output>
          </reporter-output>
        </test-method> <!-- afterTest -->
        <test-method status="PASS" signature="afterSuite()[pri:0, instance:selenium_concepts.TestngAnnotations@39aeed2f]" name="afterSuite" is-config="true" duration-ms="0" started-at="2018-05-27T05:25:15Z" finished-at="2018-05-27T05:25:15Z">
          <reporter-output>
          </reporter-output>
        </test-method> <!-- afterSuite -->
      </class> <!-- selenium_concepts.TestngAnnotations -->
    </test> <!-- Default test -->
  </suite> <!-- Default suite -->
</testng-results>
